Thread-8|2021-10-21 10:57:32,174|parser_control.py|run|line:464|DEBUG| parser 等待任务...
Thread-8|2021-10-21 10:57:33,179|request.py|get_response|line:328|DEBUG| 
                -------------- GoogleCurl.parse request for ----------------
                url  = https://www.google.com.sv/search?q=Trump&start=0
                method = GET
                body = {'headers': {'User-Agent': 'Mozilla/5.0 (Windows; U; Windows NT 5.1; zh-CN; rv:1.9.2.8) Gecko/20100722 Firefox/3.6.8', 'Connection': 'close'}, 'timeout': 22, 'stream': True, 'verify': False}
                
Thread-7|2021-10-21 10:57:35,194|item_buffer.py|__add_item_to_db|line:306|DEBUG| 
                -------------- item 批量入库 --------------
                表名: spider_update
                datas: [
                {
                                "url": "https://en.wikipedia.org/wiki/Donald_Trump",
                                "title": "Donald Trump - Wikipedia",
                                "keyword": "Trump",
                                "inserted_time": "2021-10-21 10:57:34.562428",
                                "created_time": "4 hours ago",
                                "text": "4 hours ago · Donald John Trump (born June 14, 1946) is an American politician, media personality, and businessman who served as the 45th president of the United States ...Vice President: Mike PenceAlma mater: Wharton School (BS Econ.)Occupation: Politician; businessman; television presenterParents: Fred Trump; Mary Anne MacLeod",
                                "flag": "new"
                },
                {
                                "url": "https://www.donaldjtrump.com/",
                                "title": "Donald J. Trump: Home",
                                "keyword": "Trump",
                                "inserted_time": "2021-10-21 10:57:34.563427",
                                "created_time": null,
                                "text": "Over the past four years, Donald J. Trump's administration delivered for Americans of all backgrounds like never before. Save America is about building on ...",
                                "flag": "new"
                },
                {
                                "url": "https://www.cnbc.com/2021/10/20/trump-announces-social-media-platform-launch-plan-spac-deal.html",
                                "title": "Trump announces social media platform launch plan, SPAC deal",
                                "keyword": "Trump",
                                "inserted_time": "2021-10-21 10:57:34.564429",
                                "created_time": "56 minutes ago",
                                "text": "56 minutes ago · Former President Donald Trump is launching his very own media network, which will include a social media platform in order to \"stand up to ...",
                                "flag": "new"
                },
                {
                                "url": "https://abcnews.go.com/Politics/donald-trump-launching-social-media-platform-truth-social/story?id=80697031",
                                "title": "Donald Trump launching new social media platform, TRUTH Social",
                                "keyword": "Trump",
                                "inserted_time": "2021-10-21 10:57:34.565428",
                                "created_time": "2 hours ago",
                                "text": "2 hours ago · Trump Media and Technology Group and Digital World Acquisition Group, which is already listed on the Nasdaq, have entered into a merger to ...",
                                "flag": "new"
                },
                {
                                "url": "https://www.trump.com/",
                                "title": "The Trump Organization | Luxury Real Estate Portfolio",
                                "keyword": "Trump",
                                "inserted_time": "2021-10-21 10:57:34.566427",
                                "created_time": null,
                                "text": "The official website of The Trump Organization. Explore our luxury real estate portfolio of the finest hotels, golf courses, estates and more.",
                                "flag": "new"
                },
                {
                                "url": "https://thehill.com/people/donald-trump",
                                "title": "Donald Trump | TheHill",
                                "keyword": "Trump",
                                "inserted_time": "2021-10-21 10:57:34.566427",
                                "created_time": "4 hours ago",
                                "text": "4 hours ago · Candidate for President of the United States, 2020President of the United States, 2017 - PresentThe Trump Organization, Founder/Chair/President/Chief ...",
                                "flag": "new"
                },
                {
                                "url": "https://edition.cnn.com/specials/politics/president-donald-trump-45",
                                "title": "Trump News, Commentary and Analysis - CNN",
                                "keyword": "Trump",
                                "inserted_time": "2021-10-21 10:57:34.567427",
                                "created_time": "4 hours ago",
                                "text": "4 hours ago · News on former President Donald Trump and the Trump administration.",
                                "flag": "new"
                },
                {
                                "url": "https://edition.cnn.com/2021/10/19/politics/donald-trump-colin-powell-death/index.html",
                                "title": "Donald Trump (yet again) proves there's no bottom - CNN",
                                "keyword": "Trump",
                                "inserted_time": "2021-10-21 10:57:34.567427",
                                "created_time": "23 hours ago",
                                "text": "23 hours ago · Roughly 24 hours after the death of Colin Powell, Donald Trump proved, again, that he is utterly incapable of empathy, grace or even common ...",
                                "flag": "new"
                },
                {
                                "url": "https://www.facebook.com/DonaldTrump/",
                                "title": "Donald J. Trump - Home | Facebook",
                                "keyword": "Trump",
                                "inserted_time": "2021-10-21 10:57:34.568427",
                                "created_time": null,
                                "text": "Whatever the outcome, Mr. Trump cannot fall, he deserves the… More presidency of the United States, a free country without trump, a great America that needs ...",
                                "flag": "new"
                },
                {
                                "url": "https://www.theguardian.com/us-news/donaldtrump",
                                "title": "Donald Trump | US news | The Guardian",
                                "keyword": "Trump",
                                "inserted_time": "2021-10-21 10:57:34.569427",
                                "created_time": "8 hours ago",
                                "text": "8 hours ago · The latest news, opinion and analysis on Donald Trump, the 45th president of the United States.",
                                "flag": "new"
                }
]
                    
Thread-7|2021-10-21 10:57:35,225|mongo_pipeline.py|save_items|line:44|INFO| 共导出 10 条数据到 spider_update,  新增 10条, 重复 0 条
Thread-8|2021-10-21 10:57:42,574|request.py|get_response|line:328|DEBUG| 
                -------------- GoogleCurl.parse request for ----------------
                url  = https://www.google.lk/search?q=Trump&start=20
                method = GET
                body = {'headers': {'User-Agent': 'Mozilla/5.0 (Windows; U; Windows NT 5.1; ko; rv:1.9.2.4) Gecko/20100523 Firefox/3.6.4', 'Connection': 'close'}, 'timeout': 22, 'stream': True, 'verify': False}
                
Thread-7|2021-10-21 10:57:44,318|item_buffer.py|__add_item_to_db|line:306|DEBUG| 
                -------------- item 批量入库 --------------
                表名: spider_update
                datas: [
                {
                                "url": "https://www.scmp.com/topics/donald-trump",
                                "title": "Donald Trump | South China Morning Post",
                                "keyword": "Trump",
                                "inserted_time": "2021-10-21 10:57:43.424781",
                                "created_time": "23 hours ago",
                                "text": "23 hours ago · The Trump ally has refused – at the ex-president's request – to cooperate with a subpoena issued by the committee investigating the January 6 insurrection ...",
                                "flag": "new"
                },
                {
                                "url": "https://news.sky.com/topic/donald-trump-5711",
                                "title": "Donald Trump - The Latest News from the UK and Around the World",
                                "keyword": "Trump",
                                "inserted_time": "2021-10-21 10:57:43.425781",
                                "created_time": null,
                                "text": "Sky News - First for Breaking News, video, headlines, analysis and top stories from business, politics, entertainment and more in the UK and worldwide.",
                                "flag": "new"
                },
                {
                                "url": "https://www.ft.com/donald-trump",
                                "title": "Donald Trump | Financial Times",
                                "keyword": "Trump",
                                "inserted_time": "2021-10-21 10:57:43.425781",
                                "created_time": null,
                                "text": "We use cookies for a number of reasons, such as keeping FT Sites reliable and secure, personalising content and ads, providing social media features and to ...",
                                "flag": "new"
                },
                {
                                "url": "https://www.britannica.com/biography/Donald-Trump",
                                "title": "Donald Trump | Biography, Education, & Facts | Britannica",
                                "keyword": "Trump",
                                "inserted_time": "2021-10-21 10:57:43.426781",
                                "created_time": null,
                                "text": "Donald Trump, 45th president of the United States (2017–21). Trump was also a real-estate developer and businessman who owned, managed, or licensed his name ...Political Affiliation: Republican PartyBorn: June 14, 1946 (age 75) New York City New YorkNotable Works: “Crippled America: How to Make America Great Again” “The America We Deserve” “Trump: The Art of the Deal”",
                                "flag": "new"
                },
                {
                                "url": "https://www.politifact.com/personalities/donald-trump/",
                                "title": "Donald Trump - PolitiFact",
                                "keyword": "Trump",
                                "inserted_time": "2021-10-21 10:57:43.427779",
                                "created_time": null,
                                "text": "He was elected the 45th president of the United States on Nov. 8, 2016. He has been a real estate developer, entrepreneur and host of the NBC reality show, \"The ...",
                                "flag": "new"
                },
                {
                                "url": "https://www.forbes.com/profile/donald-trump/",
                                "title": "Donald Trump - Forbes",
                                "keyword": "Trump",
                                "inserted_time": "2021-10-21 10:57:43.427779",
                                "created_time": null,
                                "text": "Donald Trump was the only billionaire president in American history. The bulk of his fortune remains tied up in New York City real estate.",
                                "flag": "new"
                },
                {
                                "url": "https://apnews.com/hub/donald-trump",
                                "title": "Donald Trump - AP News",
                                "keyword": "Trump",
                                "inserted_time": "2021-10-21 10:57:43.428781",
                                "created_time": "3 hours ago",
                                "text": "3 hours ago · News from The Associated Press, the definitive source for independent journalism from every corner of the globe.",
                                "flag": "new"
                },
                {
                                "url": "https://www.trumpmiami.com/",
                                "title": "Trump International Beach Resort | Official Website | Miami Resorts",
                                "keyword": "Trump",
                                "inserted_time": "2021-10-21 10:57:43.429781",
                                "created_time": null,
                                "text": "Spacious rooms, deluxe amenities, and a full-service spa, all on Miami's Sunny Isles Beach — discover Trump International Beach Resort.",
                                "flag": "new"
                },
                {
                                "url": "https://www.trumpgolfscotland.com/",
                                "title": "Trump International Scotland | Golf in Scotland | Aberdeenshire",
                                "keyword": "Trump",
                                "inserted_time": "2021-10-21 10:57:43.429781",
                                "created_time": null,
                                "text": "Visit Trump International, Scotland for award-winning golf and luxury private hire accommodations.",
                                "flag": "new"
                },
                {
                                "url": "https://globalnews.ca/tag/donald-trump/",
                                "title": "Donald Trump | News, Videos & Articles",
                                "keyword": "Trump",
                                "inserted_time": "2021-10-21 10:57:43.430781",
                                "created_time": null,
                                "text": "Donald Trump videos and latest news articles; GlobalNews.ca your source for the latest news on Donald Trump .",
                                "flag": "new"
                }
]
                    
Thread-7|2021-10-21 10:57:44,320|mongo_pipeline.py|save_items|line:44|INFO| 共导出 10 条数据到 spider_update,  新增 10条, 重复 0 条
Thread-8|2021-10-21 10:58:00,490|proxy_pool.py|__init__|line:407|WARNING| need set proxy_source_url or proxy_instance
Thread-8|2021-10-21 10:58:30,193|request.py|get_response|line:328|DEBUG| 
                -------------- GoogleCurl.parse request for ----------------
                url  = https://www.google.st/search?q=NLP&start=0
                method = GET
                body = {'headers': {'User-Agent': 'Mozilla/5.0 (Windows; U; Windows NT 6.1; pl; rv:1.9.2.3) Gecko/20100401 Firefox/3.6.3', 'Connection': 'close'}, 'timeout': 22, 'stream': True, 'verify': False}
                
Thread-7|2021-10-21 10:58:31,741|item_buffer.py|__add_item_to_db|line:306|DEBUG| 
                -------------- item 批量入库 --------------
                表名: spider_update
                datas: [
                {
                                "url": "https://en.wikipedia.org/wiki/Natural_language_processing",
                                "title": "Natural language processing - Wikipedia",
                                "keyword": "NLP",
                                "inserted_time": "2021-10-21 10:58:31.337010",
                                "created_time": null,
                                "text": "Natural language processing (NLP) is a subfield of linguistics, computer science, and artificial intelligence concerned with the interactions between ...Atural language understanding · Language generation · Category · Outline",
                                "flag": "new"
                },
                {
                                "url": "https://en.wikipedia.org/wiki/Neuro-linguistic_programming",
                                "title": "Neuro-linguistic programming - Wikipedia",
                                "keyword": "NLP",
                                "inserted_time": "2021-10-21 10:58:31.338009",
                                "created_time": null,
                                "text": "Neuro-linguistic programming (NLP) is a pseudoscientific approach to communication, personal development, and psychotherapy created by Richard Bandler and ...Early development · Applications · As a quasi-religion · Intellectual property disputes",
                                "flag": "new"
                },
                {
                                "url": "https://nlp.nexterp.in/nlp/nlp/login",
                                "title": "NLP Login",
                                "keyword": "NLP",
                                "inserted_time": "2021-10-21 10:58:31.340009",
                                "created_time": null,
                                "text": "The phone number/email ID entered as the username is wrong. Please retry by entering the correct username. The school has entered a different or a wrong Email/ ...",
                                "flag": "new"
                },
                {
                                "url": "https://machinelearningmastery.com/natural-language-processing/",
                                "title": "What Is Natural Language Processing? - Machine Learning Mastery",
                                "keyword": "NLP",
                                "inserted_time": "2021-10-21 10:58:31.340009",
                                "created_time": "Sep 22, 2017",
                                "text": "Sep 22, 2017 · Natural language processing (NLP) is a collective term referring to automatic computational processing of human languages. This includes both ...",
                                "flag": "new"
                },
                {
                                "url": "https://www.goodtherapy.org/learn-about-therapy/types/neuro-linguistic-programming",
                                "title": "Neuro-Linguistic Programming (NLP) - GoodTherapy",
                                "keyword": "NLP",
                                "inserted_time": "2021-10-21 10:58:31.341009",
                                "created_time": "Feb 12, 2018",
                                "text": "Feb 12, 2018 · Neuro-linguistic programming (NLP) is a psychological approach that involves analyzing strategies used by successful individuals and ...",
                                "flag": "new"
                },
                {
                                "url": "https://www.nlp.com/",
                                "title": "NLP Training with Dr. Matt",
                                "keyword": "NLP",
                                "inserted_time": "2021-10-21 10:58:31.342009",
                                "created_time": null,
                                "text": "Full NLP Training for only $194. Learn secrets of communication only the most successful know. Register now!",
                                "flag": "new"
                },
                {
                                "url": "https://searchenterpriseai.techtarget.com/definition/natural-language-processing-NLP",
                                "title": "What is Natural Language Processing? An Introduction to NLP",
                                "keyword": "NLP",
                                "inserted_time": "2021-10-21 10:58:31.342009",
                                "created_time": null,
                                "text": "Natural language processing (NLP) is the ability of a computer program to understand human language as it is spoken and written -- referred to as natural ...",
                                "flag": "new"
                },
                {
                                "url": "https://www.medicalnewstoday.com/articles/320368",
                                "title": "Neuro-linguistic programming (NLP): Does it work? - Medical News ...",
                                "keyword": "NLP",
                                "inserted_time": "2021-10-21 10:58:31.343009",
                                "created_time": "Dec 20, 2017",
                                "text": "Dec 20, 2017 · Neuro-linguistic programming is a way of changing someone's thoughts and behaviors to help achieve desired outcomes for them. The popularity of ...",
                                "flag": "new"
                }
]
                    
Thread-7|2021-10-21 10:58:31,743|mongo_pipeline.py|save_items|line:44|INFO| 共导出 8 条数据到 spider_update,  新增 8条, 重复 0 条
Thread-8|2021-10-21 10:58:40,349|request.py|get_response|line:328|DEBUG| 
                -------------- GoogleCurl.parse request for ----------------
                url  = https://www.google.fr/search?q=NLP&start=20
                method = GET
                body = {'headers': {'User-Agent': 'Mozilla/5.0 (Windows; U; Windows NT 6.0; ru; rv:1.9.2) Gecko/20100105 Firefox/3.6 (.NET CLR 3.5.30729)', 'Connection': 'close'}, 'timeout': 22, 'stream': True, 'verify': False}
                
Thread-7|2021-10-21 10:58:42,803|item_buffer.py|__add_item_to_db|line:306|DEBUG| 
                -------------- item 批量入库 --------------
                表名: spider_update
                datas: [
                {
                                "url": "https://towardsdatascience.com/a-complete-guide-to-natural-language-processing-nlp-c91f1cfd3b0c",
                                "title": "A Complete Guideline to Natural Language Processing (NLP)",
                                "keyword": "NLP",
                                "inserted_time": "2021-10-21 10:58:42.391924",
                                "created_time": null,
                                "text": "Simply, NLP is used where human interaction is needed through natural language to an intelligent system. The usages of NLP is ever-growing. In every walks of ...",
                                "flag": "new"
                },
                {
                                "url": "https://cloud.google.com/natural-language",
                                "title": "Natural Language AI - Google Cloud",
                                "keyword": "NLP",
                                "inserted_time": "2021-10-21 10:58:42.392924",
                                "created_time": null,
                                "text": "Analyze text with AI using pre-trained API or custom AutoML machine learning models to extract relevant entities, understand sentiment, and more.",
                                "flag": "new"
                },
                {
                                "url": "https://inlpcenter.org/what-is-neuro-linguistic-programming-nlp/",
                                "title": "NLP | What's Neuro-Linguistic Programming and Why Learn",
                                "keyword": "NLP",
                                "inserted_time": "2021-10-21 10:58:42.393925",
                                "created_time": null,
                                "text": "NLP is a set of models that allow someone to create cognitive behavioral change and build more resourceful states to achieve their goals. NLP models teach you ...",
                                "flag": "new"
                },
                {
                                "url": "https://research.google/research-areas/natural-language-processing/",
                                "title": "Natural Language Processing - Google Research",
                                "keyword": "NLP",
                                "inserted_time": "2021-10-21 10:58:42.393925",
                                "created_time": null,
                                "text": "Natural Language Processing (NLP) research at Google focuses on algorithms that apply at scale, across languages, and across domains.",
                                "flag": "new"
                },
                {
                                "url": "https://www.amazon.com/NLP-Essential-Guide-Neuro-Linguistic-Programming/dp/0062083619",
                                "title": "NLP: The Essential Guide to Neuro-Linguistic Programming",
                                "keyword": "NLP",
                                "inserted_time": "2021-10-21 10:58:42.394925",
                                "created_time": null,
                                "text": "NLP (Neuro-Linguistic Programming) has already helped millions of people overcome fears, increase confidence, enrich relationships, and achieve greater success.",
                                "flag": "new"
                },
                {
                                "url": "https://github.com/IntelLabs/nlp-architect",
                                "title": "IntelLabs/nlp-architect: A model library for exploring state-of ... - GitHub",
                                "keyword": "NLP",
                                "inserted_time": "2021-10-21 10:58:42.395925",
                                "created_time": null,
                                "text": "A model library for exploring state-of-the-art deep learning topologies and techniques for optimizing Natural Language Processing neural networks - GitHub ...",
                                "flag": "new"
                },
                {
                                "url": "https://spacy.io/",
                                "title": "spaCy · Industrial-strength Natural Language Processing in Python",
                                "keyword": "NLP",
                                "inserted_time": "2021-10-21 10:58:42.395925",
                                "created_time": null,
                                "text": "spaCy is a free open-source library for Natural Language Processing in Python. It features NER, POS tagging, dependency parsing, word vectors and more.",
                                "flag": "new"
                },
                {
                                "url": "http://nlpprogress.com/",
                                "title": "NLP-progress: Tracking Progress in Natural Language Processing",
                                "keyword": "NLP",
                                "inserted_time": "2021-10-21 10:58:42.396924",
                                "created_time": null,
                                "text": "Repository to track the progress in Natural Language Processing (NLP), including the datasets and the current state-of-the-art for the most common NLP ...",
                                "flag": "new"
                },
                {
                                "url": "https://www.nlplogix.com/",
                                "title": "NLP Logix - AI Realized • NLP Logix",
                                "keyword": "NLP",
                                "inserted_time": "2021-10-21 10:58:42.396924",
                                "created_time": "Sep 20, 2021",
                                "text": "Sep 20, 2021 · NLP Logix has a diverse team of Statisticians, Mathematicians, Software Developers, and ML Engineers delivering amazing automation solutions ...",
                                "flag": "new"
                },
                {
                                "url": "https://martech.org/natural-language-processing-101/",
                                "title": "Natural language processing 101 - MarTech",
                                "keyword": "NLP",
                                "inserted_time": "2021-10-21 10:58:42.397925",
                                "created_time": "Aug 11, 2017",
                                "text": "Aug 11, 2017 · As natural language processing transforms our ability to interact with machines, contributor Justin Freid takes a look at how it's being ...",
                                "flag": "new"
                }
]
                    
Thread-7|2021-10-21 10:58:43,831|mongo_pipeline.py|save_items|line:44|INFO| 共导出 10 条数据到 spider_update,  新增 10条, 重复 0 条
